---
recorded_at: 2026-04-27T14:21:41.378613986-07:00
command: cargo test -p transit-core replay_page -- --nocapture && cargo test -p transit-client hosted_authority_exposes_bounded_read_pages -- --nocapture
---

running 4 tests
test engine::tests::replay_page_reads_active_head_with_continuation_metadata ... ok
test engine::tests::replay_page_reads_branch_inherited_history ... ok
test engine::tests::replay_page_reads_reopened_history_without_full_stream_response ... ok
test engine::tests::replay_page_reads_across_rolled_segments_without_returning_complete_stream ... ok

test result: ok. 4 passed; 0 failed; 0 ignored; 0 measured; 130 filtered out; finished in 0.10s


running 1 test
test client::tests::hosted_authority_exposes_bounded_read_pages ... ok

test result: ok. 1 passed; 0 failed; 0 ignored; 0 measured; 17 filtered out; finished in 0.08s


--- stderr ---
    Blocking waiting for file lock on package cache
    Blocking waiting for file lock on package cache
    Blocking waiting for file lock on package cache
    Finished `test` profile [unoptimized + debuginfo] target(s) in 0.17s
     Running unittests src/lib.rs (/home/alex/.cache/cargo-target/transit/debug/deps/transit_core-52d80f2c98a7c405)
    Blocking waiting for file lock on package cache
    Blocking waiting for file lock on package cache
    Finished `test` profile [unoptimized + debuginfo] target(s) in 0.14s
     Running unittests src/lib.rs (/home/alex/.cache/cargo-target/transit/debug/deps/transit_client-0e5a7ac54559c2de)
