---
recorded_at: 2026-03-12T10:58:54.716892741-07:00
mode: manual
files: [".keel/stories/VDfFM4lvK/ac-3.log"]
---

--- File: ac-3.log ---
cargo test -p transit-cli tests::remote_cli_results_serialize_cleanly_for_mission_proof_scripts

running 1 test
test tests::remote_cli_results_serialize_cleanly_for_mission_proof_scripts ... ok

nix develop . --command just run server create-root --server-addr 127.0.0.1:7183 --stream-id task.root --actor cli --reason proof --json
{
  "server_addr": "127.0.0.1:7183",
  "request_id": "req-1",
  "durability": "local",
  "topology": "single_node",
  "stream_id": "task.root",
  "next_offset": 0,
  "active_record_count": 0,
  "active_segment_start_offset": 0,
  "manifest_generation": 0,
  "rolled_segment_count": 0
}

nix develop . --command just run server append --server-addr 127.0.0.1:7183 --stream-id task.root --payload-text mission --json
{
  "server_addr": "127.0.0.1:7183",
  "request_id": "req-1",
  "durability": "local",
  "topology": "single_node",
  "stream_id": "task.root",
  "position": "task.root@0",
  "manifest_generation": 0,
  "rolled_segment_id": null
}

nix develop . --command just run server lineage --server-addr 127.0.0.1:7183 --stream-id task.root --json
{
  "server_addr": "127.0.0.1:7183",
  "request_id": "req-1",
  "durability": "local",
  "topology": "single_node",
  "stream_id": "task.root",
  "lineage_kind": "root",
  "parents": [],
  "next_offset": 1,
  "manifest_generation": 0,
  "rolled_segment_count": 0
}

The JSON output stays machine-readable and the documented `just run` entrypoint can drive the remote server workflows without bespoke scripts.

